Thu Apr 10 15:18:19 EDT 2025
I ran on:
SLURM_NODELIST=spdr18
cd to target directory
setting up conda
no change     /usr/local/sw/anaconda/anaconda3/condabin/conda
no change     /usr/local/sw/anaconda/anaconda3/bin/conda
no change     /usr/local/sw/anaconda/anaconda3/bin/conda-env
no change     /usr/local/sw/anaconda/anaconda3/bin/activate
no change     /usr/local/sw/anaconda/anaconda3/bin/deactivate
no change     /usr/local/sw/anaconda/anaconda3/etc/profile.d/conda.sh
no change     /usr/local/sw/anaconda/anaconda3/etc/fish/conf.d/conda.fish
no change     /usr/local/sw/anaconda/anaconda3/shell/condabin/Conda.psm1
no change     /usr/local/sw/anaconda/anaconda3/shell/condabin/conda-hook.ps1
no change     /usr/local/sw/anaconda/anaconda3/lib/python3.9/site-packages/xontrib/conda.xsh
no change     /usr/local/sw/anaconda/anaconda3/etc/profile.d/conda.csh
no change     /home/dl5ja/.bashrc
No action taken.
checking pip installs
WARNING: No metadata found in /usr/local/sw/anaconda/anaconda3/lib/python3.9/site-packages
minicons==0.3.22
slurmstepd: error: *** JOB 207931 ON spdr18 CANCELLED AT 2025-04-10T15:18:23 ***
