Thu Apr 10 15:42:21 EDT 2025
I ran on:
SLURM_NODELIST=spdr18
cd to target directory
setting up conda
no change     /usr/local/sw/anaconda/anaconda3/condabin/conda
no change     /usr/local/sw/anaconda/anaconda3/bin/conda
no change     /usr/local/sw/anaconda/anaconda3/bin/conda-env
no change     /usr/local/sw/anaconda/anaconda3/bin/activate
no change     /usr/local/sw/anaconda/anaconda3/bin/deactivate
no change     /usr/local/sw/anaconda/anaconda3/etc/profile.d/conda.sh
no change     /usr/local/sw/anaconda/anaconda3/etc/fish/conf.d/conda.fish
no change     /usr/local/sw/anaconda/anaconda3/shell/condabin/Conda.psm1
no change     /usr/local/sw/anaconda/anaconda3/shell/condabin/conda-hook.ps1
no change     /usr/local/sw/anaconda/anaconda3/lib/python3.9/site-packages/xontrib/conda.xsh
no change     /usr/local/sw/anaconda/anaconda3/etc/profile.d/conda.csh
no change     /home/dl5ja/.bashrc
No action taken.
checking pip installs
WARNING: No metadata found in /usr/local/sw/anaconda/anaconda3/lib/python3.9/site-packages
minicons==0.3.22
W0410 15:42:24.832903 3261614 site-packages/torch/distributed/run.py:792] 
W0410 15:42:24.832903 3261614 site-packages/torch/distributed/run.py:792] *****************************************
W0410 15:42:24.832903 3261614 site-packages/torch/distributed/run.py:792] Setting OMP_NUM_THREADS environment variable for each process to be 1 in default, to avoid your system being overloaded, please further tune the variable for optimal performance in your application as needed. 
W0410 15:42:24.832903 3261614 site-packages/torch/distributed/run.py:792] *****************************************
usage: train_10m.py [-h] [--train_path TRAIN_PATH] [--valid_path VALID_PATH]
                    [--name NAME] [--config_file CONFIG_FILE]
                    [--tokenizer_path TOKENIZER_PATH]
                    [--output_dir OUTPUT_DIR]
                    [--checkpoint_filename CHECKPOINT_FILENAME]
                    [--optimizer OPTIMIZER]
                    [--hybrid_numerator HYBRID_NUMERATOR]
                    [--hybrid_denominator HYBRID_DENOMINATOR]
                    [--seq_length SEQ_LENGTH]
                    [--local_batch_size LOCAL_BATCH_SIZE]
                    [--global_batch_size GLOBAL_BATCH_SIZE]
                    [--batch_reduction BATCH_REDUCTION]
                    [--learning_rate LEARNING_RATE] [--max_steps MAX_STEPS]
                    [--ema_decay EMA_DECAY] [--validate_every VALIDATE_EVERY]
                    [--validation_steps VALIDATION_STEPS]
                    [--log_stats_every LOG_STATS_EVERY]
                    [--warmup_proportion WARMUP_PROPORTION]
                    [--cooldown_proportion COOLDOWN_PROPORTION] [--seed SEED]
                    [--save_every SAVE_EVERY] [--mask_p_start MASK_P_START]
                    [--mask_p_end MASK_P_END] [--mask_random_p MASK_RANDOM_P]
                    [--mask_keep_p MASK_KEEP_P] [--weight_decay WEIGHT_DECAY]
                    [--optimizer_eps OPTIMIZER_EPS]
                    [--optimizer_beta1 OPTIMIZER_BETA1]
                    [--optimizer_beta2 OPTIMIZER_BETA2]
                    [--max_gradient MAX_GRADIENT]
                    [--mixed_precision | --no-mixed_precision]
                    [--n_special_tokens N_SPECIAL_TOKENS]
                    [--z_loss_weight Z_LOSS_WEIGHT]
                    [--token_weighted_loss | --no-token_weighted_loss]
train_10m.py: error: unrecognized arguments: train_10m.py
usage: train_10m.py [-h] [--train_path TRAIN_PATH] [--valid_path VALID_PATH]
                    [--name NAME] [--config_file CONFIG_FILE]
                    [--tokenizer_path TOKENIZER_PATH]
                    [--output_dir OUTPUT_DIR]
                    [--checkpoint_filename CHECKPOINT_FILENAME]
                    [--optimizer OPTIMIZER]
                    [--hybrid_numerator HYBRID_NUMERATOR]
                    [--hybrid_denominator HYBRID_DENOMINATOR]
                    [--seq_length SEQ_LENGTH]
                    [--local_batch_size LOCAL_BATCH_SIZE]
                    [--global_batch_size GLOBAL_BATCH_SIZE]
                    [--batch_reduction BATCH_REDUCTION]
                    [--learning_rate LEARNING_RATE] [--max_steps MAX_STEPS]
                    [--ema_decay EMA_DECAY] [--validate_every VALIDATE_EVERY]
                    [--validation_steps VALIDATION_STEPS]
                    [--log_stats_every LOG_STATS_EVERY]
                    [--warmup_proportion WARMUP_PROPORTION]
                    [--cooldown_proportion COOLDOWN_PROPORTION] [--seed SEED]
                    [--save_every SAVE_EVERY] [--mask_p_start MASK_P_START]
                    [--mask_p_end MASK_P_END] [--mask_random_p MASK_RANDOM_P]
                    [--mask_keep_p MASK_KEEP_P] [--weight_decay WEIGHT_DECAY]
                    [--optimizer_eps OPTIMIZER_EPS]
                    [--optimizer_beta1 OPTIMIZER_BETA1]
                    [--optimizer_beta2 OPTIMIZER_BETA2]
                    [--max_gradient MAX_GRADIENT]
                    [--mixed_precision | --no-mixed_precision]
                    [--n_special_tokens N_SPECIAL_TOKENS]
                    [--z_loss_weight Z_LOSS_WEIGHT]
                    [--token_weighted_loss | --no-token_weighted_loss]
train_10m.py: error: unrecognized arguments: train_10m.py
usage: train_10m.py [-h] [--train_path TRAIN_PATH] [--valid_path VALID_PATH]
                    [--name NAME] [--config_file CONFIG_FILE]
                    [--tokenizer_path TOKENIZER_PATH]
                    [--output_dir OUTPUT_DIR]
                    [--checkpoint_filename CHECKPOINT_FILENAME]
                    [--optimizer OPTIMIZER]
                    [--hybrid_numerator HYBRID_NUMERATOR]
                    [--hybrid_denominator HYBRID_DENOMINATOR]
                    [--seq_length SEQ_LENGTH]
                    [--local_batch_size LOCAL_BATCH_SIZE]
                    [--global_batch_size GLOBAL_BATCH_SIZE]
                    [--batch_reduction BATCH_REDUCTION]
                    [--learning_rate LEARNING_RATE] [--max_steps MAX_STEPS]
                    [--ema_decay EMA_DECAY] [--validate_every VALIDATE_EVERY]
                    [--validation_steps VALIDATION_STEPS]
                    [--log_stats_every LOG_STATS_EVERY]
                    [--warmup_proportion WARMUP_PROPORTION]
                    [--cooldown_proportion COOLDOWN_PROPORTION] [--seed SEED]
                    [--save_every SAVE_EVERY] [--mask_p_start MASK_P_START]
                    [--mask_p_end MASK_P_END] [--mask_random_p MASK_RANDOM_P]
                    [--mask_keep_p MASK_KEEP_P] [--weight_decay WEIGHT_DECAY]
                    [--optimizer_eps OPTIMIZER_EPS]
                    [--optimizer_beta1 OPTIMIZER_BETA1]
                    [--optimizer_beta2 OPTIMIZER_BETA2]
                    [--max_gradient MAX_GRADIENT]
                    [--mixed_precision | --no-mixed_precision]
                    [--n_special_tokens N_SPECIAL_TOKENS]
                    [--z_loss_weight Z_LOSS_WEIGHT]
                    [--token_weighted_loss | --no-token_weighted_loss]
train_10m.py: error: unrecognized arguments: train_10m.py
usage: train_10m.py [-h] [--train_path TRAIN_PATH] [--valid_path VALID_PATH]
                    [--name NAME] [--config_file CONFIG_FILE]
                    [--tokenizer_path TOKENIZER_PATH]
                    [--output_dir OUTPUT_DIR]
                    [--checkpoint_filename CHECKPOINT_FILENAME]
                    [--optimizer OPTIMIZER]
                    [--hybrid_numerator HYBRID_NUMERATOR]
                    [--hybrid_denominator HYBRID_DENOMINATOR]
                    [--seq_length SEQ_LENGTH]
                    [--local_batch_size LOCAL_BATCH_SIZE]
                    [--global_batch_size GLOBAL_BATCH_SIZE]
                    [--batch_reduction BATCH_REDUCTION]
                    [--learning_rate LEARNING_RATE] [--max_steps MAX_STEPS]
                    [--ema_decay EMA_DECAY] [--validate_every VALIDATE_EVERY]
                    [--validation_steps VALIDATION_STEPS]
                    [--log_stats_every LOG_STATS_EVERY]
                    [--warmup_proportion WARMUP_PROPORTION]
                    [--cooldown_proportion COOLDOWN_PROPORTION] [--seed SEED]
                    [--save_every SAVE_EVERY] [--mask_p_start MASK_P_START]
                    [--mask_p_end MASK_P_END] [--mask_random_p MASK_RANDOM_P]
                    [--mask_keep_p MASK_KEEP_P] [--weight_decay WEIGHT_DECAY]
                    [--optimizer_eps OPTIMIZER_EPS]
                    [--optimizer_beta1 OPTIMIZER_BETA1]
                    [--optimizer_beta2 OPTIMIZER_BETA2]
                    [--max_gradient MAX_GRADIENT]
                    [--mixed_precision | --no-mixed_precision]
                    [--n_special_tokens N_SPECIAL_TOKENS]
                    [--z_loss_weight Z_LOSS_WEIGHT]
                    [--token_weighted_loss | --no-token_weighted_loss]
train_10m.py: error: unrecognized arguments: train_10m.py
W0410 15:42:27.906459 3261614 site-packages/torch/distributed/elastic/multiprocessing/api.py:897] Sending process 3261625 closing signal SIGTERM
E0410 15:42:27.914258 3261614 site-packages/torch/distributed/elastic/multiprocessing/api.py:869] failed (exitcode: 2) local_rank: 0 (pid: 3261622) of binary: /usr/local/sw/anaconda/anaconda3/bin/python
Traceback (most recent call last):
  File "/usr/local/sw/anaconda/anaconda3/bin/torchrun", line 8, in <module>
    sys.exit(main())
  File "/usr/local/sw/anaconda/anaconda3/lib/python3.9/site-packages/torch/distributed/elastic/multiprocessing/errors/__init__.py", line 355, in wrapper
    return f(*args, **kwargs)
  File "/usr/local/sw/anaconda/anaconda3/lib/python3.9/site-packages/torch/distributed/run.py", line 918, in main
    run(args)
  File "/usr/local/sw/anaconda/anaconda3/lib/python3.9/site-packages/torch/distributed/run.py", line 909, in run
    elastic_launch(
  File "/usr/local/sw/anaconda/anaconda3/lib/python3.9/site-packages/torch/distributed/launcher/api.py", line 138, in __call__
    return launch_agent(self._config, self._entrypoint, list(args))
  File "/usr/local/sw/anaconda/anaconda3/lib/python3.9/site-packages/torch/distributed/launcher/api.py", line 269, in launch_agent
    raise ChildFailedError(
torch.distributed.elastic.multiprocessing.errors.ChildFailedError: 
============================================================
train_10m.py FAILED
------------------------------------------------------------
Failures:
[1]:
  time      : 2025-04-10_15:42:27
  host      : spdr18.cluster
  rank      : 1 (local_rank: 1)
  exitcode  : 2 (pid: 3261623)
  error_file: <N/A>
  traceback : To enable traceback see: https://pytorch.org/docs/stable/elastic/errors.html
[2]:
  time      : 2025-04-10_15:42:27
  host      : spdr18.cluster
  rank      : 2 (local_rank: 2)
  exitcode  : 2 (pid: 3261624)
  error_file: <N/A>
  traceback : To enable traceback see: https://pytorch.org/docs/stable/elastic/errors.html
------------------------------------------------------------
Root Cause (first observed failure):
[0]:
  time      : 2025-04-10_15:42:27
  host      : spdr18.cluster
  rank      : 0 (local_rank: 0)
  exitcode  : 2 (pid: 3261622)
  error_file: <N/A>
  traceback : To enable traceback see: https://pytorch.org/docs/stable/elastic/errors.html
============================================================
