Thu Apr 10 12:37:10 EDT 2025
I ran on:
SLURM_NODELIST=spdr18
cd to target directory
setting up conda
no change     /usr/local/sw/anaconda/anaconda3/condabin/conda
no change     /usr/local/sw/anaconda/anaconda3/bin/conda
no change     /usr/local/sw/anaconda/anaconda3/bin/conda-env
no change     /usr/local/sw/anaconda/anaconda3/bin/activate
no change     /usr/local/sw/anaconda/anaconda3/bin/deactivate
no change     /usr/local/sw/anaconda/anaconda3/etc/profile.d/conda.sh
no change     /usr/local/sw/anaconda/anaconda3/etc/fish/conf.d/conda.fish
no change     /usr/local/sw/anaconda/anaconda3/shell/condabin/Conda.psm1
no change     /usr/local/sw/anaconda/anaconda3/shell/condabin/conda-hook.ps1
no change     /usr/local/sw/anaconda/anaconda3/lib/python3.9/site-packages/xontrib/conda.xsh
no change     /usr/local/sw/anaconda/anaconda3/etc/profile.d/conda.csh
no change     /home/dl5ja/.bashrc
No action taken.
checking pip installs
WARNING: No metadata found in /usr/local/sw/anaconda/anaconda3/lib/python3.9/site-packages
minicons==0.3.22
Hello from rank 0 of 1 on spdr18.cluster where there are 2 allocated GPUs per node.
Dataset type: masked
Group initialized? True
RCCL started on device cuda:0
wandb: Using wandb-core as the SDK backend.  Please refer to https://wandb.me/wandb-core for more information.
host: spdr18.cluster, rank: 0, local_rank: 0
Training for 7,812 steps with 1 GPUs
In total, the model will be trained on 'steps'(7,812) x 'GPUs'(1) x 'batch_size'(256) x 'seq_len'(128) = 255,983,616 subword instances
wandb: ERROR api_key not configured (no-tty). call wandb.login(key=[your_api_key])
Traceback (most recent call last):
  File "/home/cfinegan/shared/group4_work/395SharedTask/pretraining/train_10m.py", line 466, in <module>
    setup_training(args, tokenizer)
  File "/home/cfinegan/shared/group4_work/395SharedTask/pretraining/train_10m.py", line 117, in setup_training
    wandb.init(
  File "/usr/local/sw/anaconda/anaconda3/lib/python3.9/site-packages/wandb/sdk/wandb_init.py", line 1544, in init
    wandb._sentry.reraise(e)
  File "/usr/local/sw/anaconda/anaconda3/lib/python3.9/site-packages/wandb/analytics/sentry.py", line 156, in reraise
    raise exc.with_traceback(sys.exc_info()[2])
  File "/usr/local/sw/anaconda/anaconda3/lib/python3.9/site-packages/wandb/sdk/wandb_init.py", line 1478, in init
    wi.maybe_login(init_settings)
  File "/usr/local/sw/anaconda/anaconda3/lib/python3.9/site-packages/wandb/sdk/wandb_init.py", line 177, in maybe_login
    wandb_login._login(
  File "/usr/local/sw/anaconda/anaconda3/lib/python3.9/site-packages/wandb/sdk/wandb_login.py", line 305, in _login
    key, key_status = wlogin.prompt_api_key()
  File "/usr/local/sw/anaconda/anaconda3/lib/python3.9/site-packages/wandb/sdk/wandb_login.py", line 234, in prompt_api_key
    raise UsageError("api_key not configured (no-tty). call " + directive)
wandb.errors.errors.UsageError: api_key not configured (no-tty). call wandb.login(key=[your_api_key])
[rank0]: Traceback (most recent call last):
[rank0]:   File "/home/cfinegan/shared/group4_work/395SharedTask/pretraining/train_10m.py", line 466, in <module>
[rank0]:     setup_training(args, tokenizer)
[rank0]:   File "/home/cfinegan/shared/group4_work/395SharedTask/pretraining/train_10m.py", line 117, in setup_training
[rank0]:     wandb.init(
[rank0]:   File "/usr/local/sw/anaconda/anaconda3/lib/python3.9/site-packages/wandb/sdk/wandb_init.py", line 1544, in init
[rank0]:     wandb._sentry.reraise(e)
[rank0]:   File "/usr/local/sw/anaconda/anaconda3/lib/python3.9/site-packages/wandb/analytics/sentry.py", line 156, in reraise
[rank0]:     raise exc.with_traceback(sys.exc_info()[2])
[rank0]:   File "/usr/local/sw/anaconda/anaconda3/lib/python3.9/site-packages/wandb/sdk/wandb_init.py", line 1478, in init
[rank0]:     wi.maybe_login(init_settings)
[rank0]:   File "/usr/local/sw/anaconda/anaconda3/lib/python3.9/site-packages/wandb/sdk/wandb_init.py", line 177, in maybe_login
[rank0]:     wandb_login._login(
[rank0]:   File "/usr/local/sw/anaconda/anaconda3/lib/python3.9/site-packages/wandb/sdk/wandb_login.py", line 305, in _login
[rank0]:     key, key_status = wlogin.prompt_api_key()
[rank0]:   File "/usr/local/sw/anaconda/anaconda3/lib/python3.9/site-packages/wandb/sdk/wandb_login.py", line 234, in prompt_api_key
[rank0]:     raise UsageError("api_key not configured (no-tty). call " + directive)
[rank0]: wandb.errors.errors.UsageError: api_key not configured (no-tty). call wandb.login(key=[your_api_key])
