Thu Apr 10 18:05:26 EDT 2025
I ran on:
SLURM_NODELIST=spdr16
setting up conda
no change     /usr/local/sw/anaconda/anaconda3/condabin/conda
no change     /usr/local/sw/anaconda/anaconda3/bin/conda
no change     /usr/local/sw/anaconda/anaconda3/bin/conda-env
no change     /usr/local/sw/anaconda/anaconda3/bin/activate
no change     /usr/local/sw/anaconda/anaconda3/bin/deactivate
no change     /usr/local/sw/anaconda/anaconda3/etc/profile.d/conda.sh
no change     /usr/local/sw/anaconda/anaconda3/etc/fish/conf.d/conda.fish
no change     /usr/local/sw/anaconda/anaconda3/shell/condabin/Conda.psm1
no change     /usr/local/sw/anaconda/anaconda3/shell/condabin/conda-hook.ps1
no change     /usr/local/sw/anaconda/anaconda3/lib/python3.9/site-packages/xontrib/conda.xsh
no change     /usr/local/sw/anaconda/anaconda3/etc/profile.d/conda.csh
no change     /home/cfinegan/.bashrc
No action taken.
/usr/local/sw/anaconda/anaconda3/lib/python3.9/site-packages/torch/utils/_pytree.py:185: FutureWarning: optree is installed but the version is too old to support PyTorch Dynamo in C++ pytree. C++ pytree support is disabled. Please consider upgrading optree using `python3 -m pip install --upgrade 'optree>=0.13.0'`.
  warnings.warn(
2025-04-10 18:05:30,045 - INFO - Number of GPUs available: 1
2025-04-10 18:05:30,049 - INFO - GPU 0: NVIDIA A100-PCIE-40GB
2025-04-10 18:05:30,049 - INFO - Can use distributed: True
Thu Apr 10 18:05:30 EDT 2025
